# JRE version: OpenJDK Runtime Environment (8.0_242-b01) (build 1.8.0_242-release-1644-b01)
# Java VM: OpenJDK 64-Bit Server VM (25.242-b01 mixed mode windows-amd64 compressed oops)
Heap:
 PSYoungGen      total 501760K, used 251919K [0x00000000d5580000, 0x00000000f9500000, 0x0000000100000000)
  eden space 442368K, 44% used [0x00000000d5580000,0x00000000e1583c98,0x00000000f0580000)
  from space 59392K, 93% used [0x00000000f4880000,0x00000000f7e7ffe0,0x00000000f8280000)
  to   space 68608K, 0% used [0x00000000f0580000,0x00000000f0580000,0x00000000f4880000)
 ParOldGen       total 229376K, used 58648K [0x0000000080000000, 0x000000008e000000, 0x00000000d5580000)
  object space 229376K, 25% used [0x0000000080000000,0x0000000083946240,0x000000008e000000)
 Metaspace       used 92215K, capacity 96898K, committed 99992K, reserved 1134592K
  class space    used 12149K, capacity 13029K, committed 14000K, reserved 1048576K
GC Heap History (10 events):
Event: 1792.463 GC heap before
{Heap before GC invocations=14 (full 3):
 PSYoungGen      total 364544K, used 364405K [0x00000000d5580000, 0x00000000eeb00000, 0x0000000100000000)
  eden space 343040K, 100% used [0x00000000d5580000,0x00000000ea480000,0x00000000ea480000)
  from space 21504K, 99% used [0x00000000ed600000,0x00000000eeadd7d8,0x00000000eeb00000)
  to   space 26624K, 0% used [0x00000000eb700000,0x00000000eb700000,0x00000000ed100000)
 ParOldGen       total 145408K, used 34218K [0x0000000080000000, 0x0000000088e00000, 0x00000000d5580000)
  object space 145408K, 23% used [0x0000000080000000,0x000000008216a8b8,0x0000000088e00000)
 Metaspace       used 79893K, capacity 83576K, committed 83736K, reserved 1122304K
  class space    used 10543K, capacity 11252K, committed 11312K, reserved 1048576K
Event: 1792.520 GC heap after
Heap after GC invocations=14 (full 3):
 PSYoungGen      total 388608K, used 26619K [0x00000000d5580000, 0x00000000f1880000, 0x0000000100000000)
  eden space 361984K, 0% used [0x00000000d5580000,0x00000000d5580000,0x00000000eb700000)
  from space 26624K, 99% used [0x00000000eb700000,0x00000000ed0feeb8,0x00000000ed100000)
  to   space 34304K, 0% used [0x00000000ef700000,0x00000000ef700000,0x00000000f1880000)
 ParOldGen       total 145408K, used 44523K [0x0000000080000000, 0x0000000088e00000, 0x00000000d5580000)
  object space 145408K, 30% used [0x0000000080000000,0x0000000082b7ade0,0x0000000088e00000)
 Metaspace       used 79893K, capacity 83576K, committed 83736K, reserved 1122304K
  class space    used 10543K, capacity 11252K, committed 11312K, reserved 1048576K
}
Event: 1794.732 GC heap before
{Heap before GC invocations=15 (full 3):
 PSYoungGen      total 388608K, used 388587K [0x00000000d5580000, 0x00000000f1880000, 0x0000000100000000)
  eden space 361984K, 99% used [0x00000000d5580000,0x00000000eb6fbda0,0x00000000eb700000)
  from space 26624K, 99% used [0x00000000eb700000,0x00000000ed0feeb8,0x00000000ed100000)
  to   space 34304K, 0% used [0x00000000ef700000,0x00000000ef700000,0x00000000f1880000)
 ParOldGen       total 145408K, used 44523K [0x0000000080000000, 0x0000000088e00000, 0x00000000d5580000)
  object space 145408K, 30% used [0x0000000080000000,0x0000000082b7ade0,0x0000000088e00000)
 Metaspace       used 91262K, capacity 97428K, committed 97688K, reserved 1132544K
  class space    used 12475K, capacity 13730K, committed 13744K, reserved 1048576K
Event: 1794.816 GC heap after
Heap after GC invocations=15 (full 3):
 PSYoungGen      total 401408K, used 34294K [0x00000000d5580000, 0x00000000f6e80000, 0x0000000100000000)
  eden space 367104K, 0% used [0x00000000d5580000,0x00000000d5580000,0x00000000ebc00000)
  from space 34304K, 99% used [0x00000000ef700000,0x00000000f187d800,0x00000000f1880000)
  to   space 60416K, 0% used [0x00000000ebc00000,0x00000000ebc00000,0x00000000ef700000)
 ParOldGen       total 145408K, used 100295K [0x0000000080000000, 0x0000000088e00000, 0x00000000d5580000)
  object space 145408K, 68% used [0x0000000080000000,0x00000000861f1da0,0x0000000088e00000)
 Metaspace       used 91262K, capacity 97428K, committed 97688K, reserved 1132544K
  class space    used 12475K, capacity 13730K, committed 13744K, reserved 1048576K
}
Event: 1795.688 GC heap before
{Heap before GC invocations=16 (full 3):
 PSYoungGen      total 401408K, used 128747K [0x00000000d5580000, 0x00000000f6e80000, 0x0000000100000000)
  eden space 367104K, 25% used [0x00000000d5580000,0x00000000db1bd670,0x00000000ebc00000)
  from space 34304K, 99% used [0x00000000ef700000,0x00000000f187d800,0x00000000f1880000)
  to   space 60416K, 0% used [0x00000000ebc00000,0x00000000ebc00000,0x00000000ef700000)
 ParOldGen       total 145408K, used 100295K [0x0000000080000000, 0x0000000088e00000, 0x00000000d5580000)
  object space 145408K, 68% used [0x0000000080000000,0x00000000861f1da0,0x0000000088e00000)
 Metaspace       used 92321K, capacity 98532K, committed 98584K, reserved 1134592K
  class space    used 12597K, capacity 13870K, committed 13872K, reserved 1048576K
Event: 1795.735 GC heap after
Heap after GC invocations=16 (full 3):
 PSYoungGen      total 427520K, used 5839K [0x00000000d5580000, 0x00000000f8280000, 0x0000000100000000)
  eden space 367104K, 0% used [0x00000000d5580000,0x00000000d5580000,0x00000000ebc00000)
  from space 60416K, 9% used [0x00000000ebc00000,0x00000000ec1b3f50,0x00000000ef700000)
  to   space 59392K, 0% used [0x00000000f4880000,0x00000000f4880000,0x00000000f8280000)
 ParOldGen       total 145408K, used 123379K [0x0000000080000000, 0x0000000088e00000, 0x00000000d5580000)
  object space 145408K, 84% used [0x0000000080000000,0x000000008787cd00,0x0000000088e00000)
 Metaspace       used 92321K, capacity 98532K, committed 98584K, reserved 1134592K
  class space    used 12597K, capacity 13870K, committed 13872K, reserved 1048576K
}
Event: 1795.735 GC heap before
{Heap before GC invocations=17 (full 4):
 PSYoungGen      total 427520K, used 5839K [0x00000000d5580000, 0x00000000f8280000, 0x0000000100000000)
  eden space 367104K, 0% used [0x00000000d5580000,0x00000000d5580000,0x00000000ebc00000)
  from space 60416K, 9% used [0x00000000ebc00000,0x00000000ec1b3f50,0x00000000ef700000)
  to   space 59392K, 0% used [0x00000000f4880000,0x00000000f4880000,0x00000000f8280000)
 ParOldGen       total 145408K, used 123379K [0x0000000080000000, 0x0000000088e00000, 0x00000000d5580000)
  object space 145408K, 84% used [0x0000000080000000,0x000000008787cd00,0x0000000088e00000)
 Metaspace       used 92321K, capacity 98532K, committed 98584K, reserved 1134592K
  class space    used 12597K, capacity 13870K, committed 13872K, reserved 1048576K
Event: 1796.017 GC heap after
Heap after GC invocations=17 (full 4):
 PSYoungGen      total 427520K, used 0K [0x00000000d5580000, 0x00000000f8280000, 0x0000000100000000)
  eden space 367104K, 0% used [0x00000000d5580000,0x00000000d5580000,0x00000000ebc00000)
  from space 60416K, 0% used [0x00000000ebc00000,0x00000000ebc00000,0x00000000ef700000)
  to   space 59392K, 0% used [0x00000000f4880000,0x00000000f4880000,0x00000000f8280000)
 ParOldGen       total 229376K, used 58640K [0x0000000080000000, 0x000000008e000000, 0x00000000d5580000)
  object space 229376K, 25% used [0x0000000080000000,0x0000000083944240,0x000000008e000000)
 Metaspace       used 90806K, capacity 95088K, committed 98584K, reserved 1134592K
  class space    used 12048K, capacity 12884K, committed 13872K, reserved 1048576K
}
Event: 1859.358 GC heap before
{Heap before GC invocations=18 (full 4):
 PSYoungGen      total 427520K, used 367104K [0x00000000d5580000, 0x00000000f8280000, 0x0000000100000000)
  eden space 367104K, 100% used [0x00000000d5580000,0x00000000ebc00000,0x00000000ebc00000)
  from space 60416K, 0% used [0x00000000ebc00000,0x00000000ebc00000,0x00000000ef700000)
  to   space 59392K, 0% used [0x00000000f4880000,0x00000000f4880000,0x00000000f8280000)
 ParOldGen       total 229376K, used 58640K [0x0000000080000000, 0x000000008e000000, 0x00000000d5580000)
  object space 229376K, 25% used [0x0000000080000000,0x0000000083944240,0x000000008e000000)
 Metaspace       used 91975K, capacity 96714K, committed 99736K, reserved 1134592K
  class space    used 12143K, capacity 13021K, committed 14000K, reserved 1048576K
Event: 1859.444 GC heap after
Heap after GC invocations=18 (full 4):
 PSYoungGen      total 501760K, used 55295K [0x00000000d5580000, 0x00000000f9500000, 0x0000000100000000)
  eden space 442368K, 0% used [0x00000000d5580000,0x00000000d5580000,0x00000000f0580000)
  from space 59392K, 93% used [0x00000000f4880000,0x00000000f7e7ffe0,0x00000000f8280000)
  to   space 68608K, 0% used [0x00000000f0580000,0x00000000f0580000,0x00000000f4880000)
 ParOldGen       total 229376K, used 58648K [0x0000000080000000, 0x000000008e000000, 0x00000000d5580000)
  object space 229376K, 25% used [0x0000000080000000,0x0000000083946240,0x000000008e000000)
 Metaspace       used 91975K, capacity 96714K, committed 99736K, reserved 1134592K
  class space    used 12143K, capacity 13021K, committed 14000K, reserved 1048576K
}

